<?xml version="1.0" encoding="UTF-8"?>
<!-- Generated by org.testng.reporters.JUnitReportReporter -->
<testsuite hostname="DESKTOP-R0UOHF1" failures="0" tests="1" name="com.example.demo.SpringBootTestNgApplicationTests" time="0.158" errors="0" timestamp="23 May 2021 09:43:20 GMT">
  <testcase classname="com.example.demo.SpringBootTestNgApplicationTests" name="testEmployee" time="0.158"/>
</testsuite> <!-- com.example.demo.SpringBootTestNgApplicationTests -->
